<?xml version="1.0" encoding="UTF-8"?>
<!-- Generated by org.testng.reporters.JUnitReportReporter -->
<testsuite hostname="Yawens-MacBook-Pro.local" name="tests.NewTest" tests="1" failures="0" timestamp="17 Apr 2019 05:14:48 GMT" time="4.132" errors="0">
  <testcase name="openMyBlog" time="4.132" classname="tests.NewTest"/>
</testsuite> <!-- tests.NewTest -->
